<?xml version="1.0" encoding="UTF-8"?>
<!-- Generated by org.testng.reporters.JUnitXMLReporter -->
<testsuite ignored="1" hostname="MOT-32333-L" failures="0" tests="2" name="Default test" time="1136.963" errors="0" timestamp="2025-02-06T16:46:05 IST">
  <testcase classname="a_Nadeem.Rise_Regression" name="Verify_user_login_and_clicks_on_RDD" time="26.272"/>
  <testcase classname="a_Nadeem.Rise_Regression" name="App_Regression" time="1101.172"/>
  <testcase classname="a_Nadeem.Rise_Regression" name="orderrouting" time="0.0">
    <ignored/>
  </testcase> <!-- orderrouting -->
</testsuite> <!-- Default test -->
